1593438883061:shell
1593438918879:help
1593438927069:runTest
1593438931874:run 1
1593439720911:help
1593439726652:insert
1593439737775:id 1
1593439767586:name Harry Harrison
1593440213711:insert
1593440219009:id 1
1593440230193:name Harry_Harrison
1593440388646:insert
1593440392262:id 1
1593440422771:name Harry_Harrison
1593440654246:insert
1593440657474:id 1
1593440665315:name Harry_Harrison
1593440744687:insert
1593440749454:id 1
1593440753151:insert
1593440756232:id 2
1593440772956:name  Harry_Harrison
1593440832273:insert
1593440836261:id 1
1593440840583:name Harry_Harrison
1593440998003:shell
1593441002060:id 1
1593441006111:insert
1593441008475:id1
1593441012267:id 1
1593441042259:name Harry_Harrison
1593441101952:insert
1593441109671:name Harry_Harrison
1593441767547:insert
1593441771325:id 1
1593441783755:name Harry_Harrison
1593441912539:t
1593441916151:insert
1593441923661:name  Harry_Harrison
1593450158239:insert
1593450164002:id 1
1593450312195:inset
1593450315189:insert
1593450318071:id 1
1593450366593:name Harry_Harrison
1593450372171:id 1
1593450620496:insert
1593450622970:id 1
1593450875391:insert
1593450877553:id 1
1593451554548:shell
1593451559304:insert
1593451563443:id 1
1593451692303:name Harry_Harrison
1593451715774:id 1
1593451772676:insert
1593451778034:id 1
1593453334268:help
1593453377985:insertSomeAuthors
1593453385397:insertSomeBooks
1593453392028:insertSomeGenres
1593453404825:findAuthorById 3
1593453439760:name Harry_Harrison
1593453455969:findBookById 2
1593453480744:findGenreById 1
1593454379388:insertSomeGenres
1593454384306:insertSomeBooks
1593454390240:insertSomeAuthors
1593454401786:findAuthorById 1
1593454470959:insertSomeAuthors
1593454483913:findAuthorById 3
1593454500551:findAuthorByName Agatha
1593454524841:findAuthorByName Harry_Harrison
1593454833009:help
1593454841125:insertSomeAuthors
1593454846749:insertSomeBooks
1593454851742:insertSomeGenres
1593454859939:findAuthorById 4
1593454873197:findAuthorByName Luc_Besson
1593454904255:findBookById 3
1593454929946:findGenreById 1
1593454933328:findGenreById 3
1593454944133:shell:>insertSomeGenres
1593454950510:shell:>insertSomeGenresinsertSomeGenres
1593454957893:insertSomeGenres
1593454978133:findGenreById 3
1593455174869:help
1593455181615:insertSomeGenres
1593455200356:findGenreById
1593455209725:findGenreById 1
1593455293195:help
1593455299282:insertSomeGenres
1593455308295:findGenreById 4
1593455318934:findGenreByTitle fantasy
1593455326595:insertSomeBooks
1593455334854:findBookById 5
1593455356436:stacktrace
1593455361129:findBookById 1
1593455373896:insertSomeBooks
1593455376637:findBookById 5
1593455633999:help
1593455640951:insertSomeBooks
1593455651327:findBookById 5
1593455667679:insertSomeGenres
1593455674575:findGenreById 2
1593455692298:findGenreById 9
1593455809272:findAuthorsById 14
1593455816487:findAuthorsById 10
1593455829576:findAuthorById 14
1593455881583:findBookByCode 978-5-17-112285-0
1593456031584:help
1593456041250:insertSomeBooks
1593456050105:findBookById 2
1593456064425:findBookByTitle Professor_Challenger
1593456078822:findBookByCode 978-5-8475-1121-6
1593457567153:help
1593457574443:insertSomeAuthors
1593457592199:fing all authors
1593459751843:help
1593459781966:insertAuthorWihtSomeBooks
1593459884125:help
1593460277224:insertAuthorWihtSomeBooks
1593460284148:findAllAuthors
1593460310253:insertSomeAuthors
1593460319514:findAllAuthors
1593505440196:help
1593505464829:findAllAuthors
1593505486419:findAuthorById 1
1593505491005:findAuthorById 2
1593505493985:findAuthorById 3
1593505496809:findAuthorById 4
1593505499585:findAuthorById 5
1593505501988:findAuthorById 6
1593505522774:insertSomeBooks
1593505536236:findBookById 6
1593505544629:>findAuthorById 4
1593505552305:findAuthorById 4
1593505830909:help
1593505866041:insertSomeAuthors
1593506041212:help
1593506058746:insertSomeBooks
1593506071429:findBookById 1
1593506209198:help
1593506216904:insertSomeAuthors
1593506237543:insertSomeBooks
1593506269978:findGenreById 12
1593506275734:findGenreById 8
1593506281350:findGenreById 15
1593506309898:findAuthorById 1
1593515271048:help
1593515288988:register-author: Registers a new author with name "--name" Vlad
1593515303480:register-author Vlad
