1593438883061:shell
1593438918879:help
1593438927069:runTest
1593438931874:run 1
1593439720911:help
1593439726652:insert
1593439737775:id 1
1593439767586:name Harry Harrison
1593440213711:insert
1593440219009:id 1
1593440230193:name Harry_Harrison
1593440388646:insert
1593440392262:id 1
1593440422771:name Harry_Harrison
1593440654246:insert
1593440657474:id 1
1593440665315:name Harry_Harrison
1593440744687:insert
1593440749454:id 1
1593440753151:insert
1593440756232:id 2
1593440772956:name  Harry_Harrison
1593440832273:insert
1593440836261:id 1
1593440840583:name Harry_Harrison
1593440998003:shell
1593441002060:id 1
1593441006111:insert
1593441008475:id1
1593441012267:id 1
1593441042259:name Harry_Harrison
1593441101952:insert
1593441109671:name Harry_Harrison
1593441767547:insert
1593441771325:id 1
1593441783755:name Harry_Harrison
1593441912539:t
1593441916151:insert
1593441923661:name  Harry_Harrison
1593450158239:insert
1593450164002:id 1
1593450312195:inset
1593450315189:insert
1593450318071:id 1
1593450366593:name Harry_Harrison
1593450372171:id 1
1593450620496:insert
1593450622970:id 1
1593450875391:insert
1593450877553:id 1
1593451554548:shell
1593451559304:insert
1593451563443:id 1
1593451692303:name Harry_Harrison
1593451715774:id 1
1593451772676:insert
1593451778034:id 1
1593453334268:help
1593453377985:insertSomeAuthors
1593453385397:insertSomeBooks
1593453392028:insertSomeGenres
1593453404825:findAuthorById 3
1593453439760:name Harry_Harrison
1593453455969:findBookById 2
1593453480744:findGenreById 1
1593454379388:insertSomeGenres
1593454384306:insertSomeBooks
1593454390240:insertSomeAuthors
1593454401786:findAuthorById 1
1593454470959:insertSomeAuthors
1593454483913:findAuthorById 3
1593454500551:findAuthorByName Agatha
1593454524841:findAuthorByName Harry_Harrison
1593454833009:help
1593454841125:insertSomeAuthors
1593454846749:insertSomeBooks
1593454851742:insertSomeGenres
1593454859939:findAuthorById 4
1593454873197:findAuthorByName Luc_Besson
1593454904255:findBookById 3
1593454929946:findGenreById 1
1593454933328:findGenreById 3
1593454944133:shell:>insertSomeGenres
1593454950510:shell:>insertSomeGenresinsertSomeGenres
1593454957893:insertSomeGenres
1593454978133:findGenreById 3
1593455174869:help
1593455181615:insertSomeGenres
1593455200356:findGenreById
1593455209725:findGenreById 1
1593455293195:help
1593455299282:insertSomeGenres
1593455308295:findGenreById 4
1593455318934:findGenreByTitle fantasy
1593455326595:insertSomeBooks
1593455334854:findBookById 5
1593455356436:stacktrace
1593455361129:findBookById 1
1593455373896:insertSomeBooks
1593455376637:findBookById 5
1593455633999:help
1593455640951:insertSomeBooks
1593455651327:findBookById 5
1593455667679:insertSomeGenres
1593455674575:findGenreById 2
1593455692298:findGenreById 9
1593455809272:findAuthorsById 14
1593455816487:findAuthorsById 10
1593455829576:findAuthorById 14
1593455881583:findBookByCode 978-5-17-112285-0
1593456031584:help
1593456041250:insertSomeBooks
1593456050105:findBookById 2
1593456064425:findBookByTitle Professor_Challenger
1593456078822:findBookByCode 978-5-8475-1121-6
1593457567153:help
1593457574443:insertSomeAuthors
1593457592199:fing all authors
1593459751843:help
1593459781966:insertAuthorWihtSomeBooks
1593459884125:help
1593460277224:insertAuthorWihtSomeBooks
1593460284148:findAllAuthors
1593460310253:insertSomeAuthors
1593460319514:findAllAuthors
1593505440196:help
1593505464829:findAllAuthors
1593505486419:findAuthorById 1
1593505491005:findAuthorById 2
1593505493985:findAuthorById 3
1593505496809:findAuthorById 4
1593505499585:findAuthorById 5
1593505501988:findAuthorById 6
1593505522774:insertSomeBooks
1593505536236:findBookById 6
1593505544629:>findAuthorById 4
1593505552305:findAuthorById 4
1593505830909:help
1593505866041:insertSomeAuthors
1593506041212:help
1593506058746:insertSomeBooks
1593506071429:findBookById 1
1593506209198:help
1593506216904:insertSomeAuthors
1593506237543:insertSomeBooks
1593506269978:findGenreById 12
1593506275734:findGenreById 8
1593506281350:findGenreById 15
1593506309898:findAuthorById 1
1593515271048:help
1593515288988:register-author: Registers a new author with name "--name" Vlad
1593515303480:register-author Vlad
1593759568226:help
1593759581564:registerAuthor
1593759608974:registerAuthor anna oneslove vole
1593759621407:registerAuthor anna
1593759652326:insert anna oneslove vole
1593759846900:help
1593759863920:insert anna one love
1593759874184:findAllAuthors
1593760619340:help
1593760634940:insert anna one love
1593760866607:help
1593760874376:insertSomeBooks
1593760891083:insertSomeGenres
1593761022209:insertSomeooks
1593761032318:insert ann fdjgk jkn
1593761169859:help
1593761182651:insertSomeBooks
1593761188002:insertSomeGenres
1593761210981:insert jbdnl jbd kf
1593761981641:insert gdbjkf jkd jfg
1593761995665:findAllAuthors
1593762119664:insert anna one love
1593762131021:insert anna two love
1593762147682:findAllAuthoes
1593762161753:findAllAuthors
1593762218178:insert anna tree loves
1593762220705:findAllAuthors
1593762233357:emma one love
1593762242951:insert emma one love
1593762245463:findAllAuthors
1593762427939:insert anna one love
1593762942963:insert anna [tegt,bg] love
1593762974756:findAllAuthors
1593763048139:insert emma [h,g, f,l] [g,l]
1593763060229:insert emma [h,g, f,l] s
1593763079370:insert emma [h, g, f, l] h
1593763111241:insert emma [h, g] h
1593763122005:findAllAuthors
1593763135748:insert anna [tegt, bg] love
1593763204330:insert emma [one, two] love
1593763218979:insert anna [tegt, bg] love
1593763228760:insert anna  love
1593763234595:insert anna h love
1593763243549:findAllAuthors
1593763522337:insert anna [tegt, bg] love
1593763546845:insert  gdgm [tedggt, bg] gvb
1593763830241:insert alld [fg fg,dfe ger] love
1593763846434:insert alld fg fg love
1593763878772:insert alld  dfe gerlove
1593763888008:insert alld dfe ger love
1593763894747:findAllAuthors
1593764089255:insert dfjk jkvd kj j
1593764098958:findAllAuthors
1593764102047:help
1593764137662:insertSomeAuthors
1593764302704:insert hf kf kr jv
1593764311643:findAllAuthors
1593764445328:insert fh kd d l
1593764454157:findAllAuthors
1593777355318:help
1593777377805:insertSomeAuthors
1593777410725:insert anna one one_code love
1593777499875:help
1593777521087:insert anna one_title one_code love
1593777541976:insertbook 1 two_title two_code
1593777569349:findAllAuthors
1593777592011:insertbook 1 two_title two_code
1593777602412:insertSomeAuthors
1593777609942:findAllAuthors
1593777636461:insertbook 5 two_title two_code
1593777676129:insertbook null f g
1593777685577:insertbook 1 t g
1593777696101:insertbook 9 fd f
1593782184245:help
1593782364616:insertSomeAuthors
1593782393462:insertExperience 5 25
1593806437634:help
1593806475418:findAllAuthors
1593806503139:insert aut title code genre
1593806506509:findAllAuthors
1593806545711:insertExperience 5 aaaaa
1593806554307:insertExperience
1593806558503:insertExperience 6
1593806570983:insertExperience 6 25
1593807272654:help
1593807296616:insert author title code genre
1593807303885:findAllAuthors
1593808172716:help
1593808182888:insert aut t c g
1593808190126:findAllAuthors
1593808201389:insertExperience 1 25
1593810860899:a
1593810872864:insert a bt bc g
1593810887700:insertExpirience 1 2
1593810907605:insertExperience 1 2
1593811264671:insert a t c g
1593811276199:insertExperience 1 2
1593812221138:insertExperience 2 2
1593812230201:findAllAuthors
1593845970579:insert a t c g
1593845978130:help
1593845992810:addExperienceByAuthorId 1 25
1593846203404:insert a t c g
1593846217179:addExperienceByAuthorId 1 25
1593846223731:findAllAuthors
1593846267442:addExperienceByAuthorId 1 28
1593846273261:findAllAuthors
1593848176351:help
1593848205726:insert anna book_title book_code loveStory
1593848218799:addExperienceByAuthorId 1
1593848232293:addExperienceByAuthorId 1 25 lovsStory
1593848248045:findAllAuthors
1593848542380:help
1593848549103:indert a t c g
1593848557449:insert a t c g
1593848572176:addExperienceByAuthorId 1 25 LoveStory
1593848578462:findAllAuthors
1593848665139:addExperienceByAuthorId 1 3 Horror
1593848672502:findAllAuthors
1593866333026:help
1593866340936:insertSomeAuthors
1593866345990:insertSomeBooks
1593866350108:insertSomeGenres
1593866366020:insert a b c t
1593866376207:findGenreByTitle f
1593866384257:findGenreById2
1593866391495:findBookById5
1593866395005:findBookById 5
1593866398562:findBookById 9
1593866425831:addExperienceByAuthorId 1 25 h
1593866435409:findAllAuthors
1594120721405:help
1594120753479:insert author_name book_title book_code genre
1594120801324:addExperienceByAuthorId 2 book_store 1
1594120820353:addExperienceByAuthorId 1 2 store
1594120827975:findAllAuthors
1594120850205:addExperienceByAuthorId 1 5 market
1594120855583:findAllAuthors
